   1              		.syntax unified
   2              		.cpu cortex-m4
   3              		.eabi_attribute 27, 3
   4              		.fpu fpv4-sp-d16
   5              		.eabi_attribute 20, 1
   6              		.eabi_attribute 21, 1
   7              		.eabi_attribute 23, 3
   8              		.eabi_attribute 24, 1
   9              		.eabi_attribute 25, 1
  10              		.eabi_attribute 26, 1
  11              		.eabi_attribute 30, 2
  12              		.eabi_attribute 34, 1
  13              		.eabi_attribute 18, 4
  14              		.thumb
  15              		.file	"misc.c"
  16              		.text
  17              	.Ltext0:
  18              		.cfi_sections	.debug_frame
  19              		.section	.text.NVIC_PriorityGroupConfig,"ax",%progbits
  20              		.align	2
  21              		.global	NVIC_PriorityGroupConfig
  22              		.thumb
  23              		.thumb_func
  25              	NVIC_PriorityGroupConfig:
  26              	.LFB110:
  27              		.file 1 "libs/STM32F4xx_StdPeriph_Driver/src/misc.c"
   1:libs/STM32F4xx_StdPeriph_Driver/src/misc.c **** /**
   2:libs/STM32F4xx_StdPeriph_Driver/src/misc.c ****   ******************************************************************************
   3:libs/STM32F4xx_StdPeriph_Driver/src/misc.c ****   * @file    misc.c
   4:libs/STM32F4xx_StdPeriph_Driver/src/misc.c ****   * @author  MCD Application Team
   5:libs/STM32F4xx_StdPeriph_Driver/src/misc.c ****   * @version V1.3.0
   6:libs/STM32F4xx_StdPeriph_Driver/src/misc.c ****   * @date    08-November-2013
   7:libs/STM32F4xx_StdPeriph_Driver/src/misc.c ****   * @brief   This file provides all the miscellaneous firmware functions (add-on
   8:libs/STM32F4xx_StdPeriph_Driver/src/misc.c ****   *          to CMSIS functions).
   9:libs/STM32F4xx_StdPeriph_Driver/src/misc.c ****   *          
  10:libs/STM32F4xx_StdPeriph_Driver/src/misc.c ****   *  @verbatim   
  11:libs/STM32F4xx_StdPeriph_Driver/src/misc.c ****   *                               
  12:libs/STM32F4xx_StdPeriph_Driver/src/misc.c ****   *          ===================================================================      
  13:libs/STM32F4xx_StdPeriph_Driver/src/misc.c ****   *                        How to configure Interrupts using driver 
  14:libs/STM32F4xx_StdPeriph_Driver/src/misc.c ****   *          ===================================================================      
  15:libs/STM32F4xx_StdPeriph_Driver/src/misc.c ****   * 
  16:libs/STM32F4xx_StdPeriph_Driver/src/misc.c ****   *            This section provide functions allowing to configure the NVIC interrupts (IRQ).
  17:libs/STM32F4xx_StdPeriph_Driver/src/misc.c ****   *            The Cortex-M4 exceptions are managed by CMSIS functions.
  18:libs/STM32F4xx_StdPeriph_Driver/src/misc.c ****   *
  19:libs/STM32F4xx_StdPeriph_Driver/src/misc.c ****   *            1. Configure the NVIC Priority Grouping using NVIC_PriorityGroupConfig()
  20:libs/STM32F4xx_StdPeriph_Driver/src/misc.c ****   *                function according to the following table.
  21:libs/STM32F4xx_StdPeriph_Driver/src/misc.c ****  
  22:libs/STM32F4xx_StdPeriph_Driver/src/misc.c ****   *  The table below gives the allowed values of the pre-emption priority and subpriority according
  23:libs/STM32F4xx_StdPeriph_Driver/src/misc.c ****   *  to the Priority Grouping configuration performed by NVIC_PriorityGroupConfig function
  24:libs/STM32F4xx_StdPeriph_Driver/src/misc.c ****   *    ============================================================================================
  25:libs/STM32F4xx_StdPeriph_Driver/src/misc.c ****   *      NVIC_PriorityGroup   | NVIC_IRQChannelPreemptionPriority | NVIC_IRQChannelSubPriority  |  
  26:libs/STM32F4xx_StdPeriph_Driver/src/misc.c ****   *    ============================================================================================
  27:libs/STM32F4xx_StdPeriph_Driver/src/misc.c ****   *     NVIC_PriorityGroup_0  |                0                  |            0-15             | 0
  28:libs/STM32F4xx_StdPeriph_Driver/src/misc.c ****   *                           |                                   |                             | 4
  29:libs/STM32F4xx_StdPeriph_Driver/src/misc.c ****   *    --------------------------------------------------------------------------------------------
  30:libs/STM32F4xx_StdPeriph_Driver/src/misc.c ****   *     NVIC_PriorityGroup_1  |                0-1                |            0-7              | 1
  31:libs/STM32F4xx_StdPeriph_Driver/src/misc.c ****   *                           |                                   |                             | 3
  32:libs/STM32F4xx_StdPeriph_Driver/src/misc.c ****   *    --------------------------------------------------------------------------------------------
  33:libs/STM32F4xx_StdPeriph_Driver/src/misc.c ****   *     NVIC_PriorityGroup_2  |                0-3                |            0-3              | 2
  34:libs/STM32F4xx_StdPeriph_Driver/src/misc.c ****   *                           |                                   |                             | 2
  35:libs/STM32F4xx_StdPeriph_Driver/src/misc.c ****   *    --------------------------------------------------------------------------------------------
  36:libs/STM32F4xx_StdPeriph_Driver/src/misc.c ****   *     NVIC_PriorityGroup_3  |                0-7                |            0-1              | 3
  37:libs/STM32F4xx_StdPeriph_Driver/src/misc.c ****   *                           |                                   |                             | 1
  38:libs/STM32F4xx_StdPeriph_Driver/src/misc.c ****   *    --------------------------------------------------------------------------------------------
  39:libs/STM32F4xx_StdPeriph_Driver/src/misc.c ****   *     NVIC_PriorityGroup_4  |                0-15               |            0                | 4
  40:libs/STM32F4xx_StdPeriph_Driver/src/misc.c ****   *                           |                                   |                             | 0
  41:libs/STM32F4xx_StdPeriph_Driver/src/misc.c ****   *    ============================================================================================
  42:libs/STM32F4xx_StdPeriph_Driver/src/misc.c ****   *
  43:libs/STM32F4xx_StdPeriph_Driver/src/misc.c ****   *            2. Enable and Configure the priority of the selected IRQ Channels using NVIC_Init() 
  44:libs/STM32F4xx_StdPeriph_Driver/src/misc.c ****   *
  45:libs/STM32F4xx_StdPeriph_Driver/src/misc.c ****   * @note  When the NVIC_PriorityGroup_0 is selected, IRQ pre-emption is no more possible. 
  46:libs/STM32F4xx_StdPeriph_Driver/src/misc.c ****   *        The pending IRQ priority will be managed only by the subpriority.
  47:libs/STM32F4xx_StdPeriph_Driver/src/misc.c ****   *
  48:libs/STM32F4xx_StdPeriph_Driver/src/misc.c ****   * @note  IRQ priority order (sorted by highest to lowest priority):
  49:libs/STM32F4xx_StdPeriph_Driver/src/misc.c ****   *         - Lowest pre-emption priority
  50:libs/STM32F4xx_StdPeriph_Driver/src/misc.c ****   *         - Lowest subpriority
  51:libs/STM32F4xx_StdPeriph_Driver/src/misc.c ****   *         - Lowest hardware priority (IRQ number)
  52:libs/STM32F4xx_StdPeriph_Driver/src/misc.c ****   *
  53:libs/STM32F4xx_StdPeriph_Driver/src/misc.c ****   *  @endverbatim
  54:libs/STM32F4xx_StdPeriph_Driver/src/misc.c ****   *
  55:libs/STM32F4xx_StdPeriph_Driver/src/misc.c ****   ******************************************************************************
  56:libs/STM32F4xx_StdPeriph_Driver/src/misc.c ****   * @attention
  57:libs/STM32F4xx_StdPeriph_Driver/src/misc.c ****   *
  58:libs/STM32F4xx_StdPeriph_Driver/src/misc.c ****   * <h2><center>&copy; COPYRIGHT 2013 STMicroelectronics</center></h2>
  59:libs/STM32F4xx_StdPeriph_Driver/src/misc.c ****   *
  60:libs/STM32F4xx_StdPeriph_Driver/src/misc.c ****   * Licensed under MCD-ST Liberty SW License Agreement V2, (the "License");
  61:libs/STM32F4xx_StdPeriph_Driver/src/misc.c ****   * You may not use this file except in compliance with the License.
  62:libs/STM32F4xx_StdPeriph_Driver/src/misc.c ****   * You may obtain a copy of the License at:
  63:libs/STM32F4xx_StdPeriph_Driver/src/misc.c ****   *
  64:libs/STM32F4xx_StdPeriph_Driver/src/misc.c ****   *        http://www.st.com/software_license_agreement_liberty_v2
  65:libs/STM32F4xx_StdPeriph_Driver/src/misc.c ****   *
  66:libs/STM32F4xx_StdPeriph_Driver/src/misc.c ****   * Unless required by applicable law or agreed to in writing, software 
  67:libs/STM32F4xx_StdPeriph_Driver/src/misc.c ****   * distributed under the License is distributed on an "AS IS" BASIS, 
  68:libs/STM32F4xx_StdPeriph_Driver/src/misc.c ****   * WITHOUT WARRANTIES OR CONDITIONS OF ANY KIND, either express or implied.
  69:libs/STM32F4xx_StdPeriph_Driver/src/misc.c ****   * See the License for the specific language governing permissions and
  70:libs/STM32F4xx_StdPeriph_Driver/src/misc.c ****   * limitations under the License.
  71:libs/STM32F4xx_StdPeriph_Driver/src/misc.c ****   *
  72:libs/STM32F4xx_StdPeriph_Driver/src/misc.c ****   ******************************************************************************
  73:libs/STM32F4xx_StdPeriph_Driver/src/misc.c ****   */
  74:libs/STM32F4xx_StdPeriph_Driver/src/misc.c **** 
  75:libs/STM32F4xx_StdPeriph_Driver/src/misc.c **** /* Includes ------------------------------------------------------------------*/
  76:libs/STM32F4xx_StdPeriph_Driver/src/misc.c **** #include "misc.h"
  77:libs/STM32F4xx_StdPeriph_Driver/src/misc.c **** 
  78:libs/STM32F4xx_StdPeriph_Driver/src/misc.c **** /** @addtogroup STM32F4xx_StdPeriph_Driver
  79:libs/STM32F4xx_StdPeriph_Driver/src/misc.c ****   * @{
  80:libs/STM32F4xx_StdPeriph_Driver/src/misc.c ****   */
  81:libs/STM32F4xx_StdPeriph_Driver/src/misc.c **** 
  82:libs/STM32F4xx_StdPeriph_Driver/src/misc.c **** /** @defgroup MISC 
  83:libs/STM32F4xx_StdPeriph_Driver/src/misc.c ****   * @brief MISC driver modules
  84:libs/STM32F4xx_StdPeriph_Driver/src/misc.c ****   * @{
  85:libs/STM32F4xx_StdPeriph_Driver/src/misc.c ****   */
  86:libs/STM32F4xx_StdPeriph_Driver/src/misc.c **** 
  87:libs/STM32F4xx_StdPeriph_Driver/src/misc.c **** /* Private typedef -----------------------------------------------------------*/
  88:libs/STM32F4xx_StdPeriph_Driver/src/misc.c **** /* Private define ------------------------------------------------------------*/
  89:libs/STM32F4xx_StdPeriph_Driver/src/misc.c **** #define AIRCR_VECTKEY_MASK    ((uint32_t)0x05FA0000)
  90:libs/STM32F4xx_StdPeriph_Driver/src/misc.c **** 
  91:libs/STM32F4xx_StdPeriph_Driver/src/misc.c **** /* Private macro -------------------------------------------------------------*/
  92:libs/STM32F4xx_StdPeriph_Driver/src/misc.c **** /* Private variables ---------------------------------------------------------*/
  93:libs/STM32F4xx_StdPeriph_Driver/src/misc.c **** /* Private function prototypes -----------------------------------------------*/
  94:libs/STM32F4xx_StdPeriph_Driver/src/misc.c **** /* Private functions ---------------------------------------------------------*/
  95:libs/STM32F4xx_StdPeriph_Driver/src/misc.c **** 
  96:libs/STM32F4xx_StdPeriph_Driver/src/misc.c **** /** @defgroup MISC_Private_Functions
  97:libs/STM32F4xx_StdPeriph_Driver/src/misc.c ****   * @{
  98:libs/STM32F4xx_StdPeriph_Driver/src/misc.c ****   */
  99:libs/STM32F4xx_StdPeriph_Driver/src/misc.c **** 
 100:libs/STM32F4xx_StdPeriph_Driver/src/misc.c **** /**
 101:libs/STM32F4xx_StdPeriph_Driver/src/misc.c ****   * @brief  Configures the priority grouping: pre-emption priority and subpriority.
 102:libs/STM32F4xx_StdPeriph_Driver/src/misc.c ****   * @param  NVIC_PriorityGroup: specifies the priority grouping bits length. 
 103:libs/STM32F4xx_StdPeriph_Driver/src/misc.c ****   *   This parameter can be one of the following values:
 104:libs/STM32F4xx_StdPeriph_Driver/src/misc.c ****   *     @arg NVIC_PriorityGroup_0: 0 bits for pre-emption priority
 105:libs/STM32F4xx_StdPeriph_Driver/src/misc.c ****   *                                4 bits for subpriority
 106:libs/STM32F4xx_StdPeriph_Driver/src/misc.c ****   *     @arg NVIC_PriorityGroup_1: 1 bits for pre-emption priority
 107:libs/STM32F4xx_StdPeriph_Driver/src/misc.c ****   *                                3 bits for subpriority
 108:libs/STM32F4xx_StdPeriph_Driver/src/misc.c ****   *     @arg NVIC_PriorityGroup_2: 2 bits for pre-emption priority
 109:libs/STM32F4xx_StdPeriph_Driver/src/misc.c ****   *                                2 bits for subpriority
 110:libs/STM32F4xx_StdPeriph_Driver/src/misc.c ****   *     @arg NVIC_PriorityGroup_3: 3 bits for pre-emption priority
 111:libs/STM32F4xx_StdPeriph_Driver/src/misc.c ****   *                                1 bits for subpriority
 112:libs/STM32F4xx_StdPeriph_Driver/src/misc.c ****   *     @arg NVIC_PriorityGroup_4: 4 bits for pre-emption priority
 113:libs/STM32F4xx_StdPeriph_Driver/src/misc.c ****   *                                0 bits for subpriority
 114:libs/STM32F4xx_StdPeriph_Driver/src/misc.c ****   * @note   When the NVIC_PriorityGroup_0 is selected, IRQ pre-emption is no more possible. 
 115:libs/STM32F4xx_StdPeriph_Driver/src/misc.c ****   *         The pending IRQ priority will be managed only by the subpriority. 
 116:libs/STM32F4xx_StdPeriph_Driver/src/misc.c ****   * @retval None
 117:libs/STM32F4xx_StdPeriph_Driver/src/misc.c ****   */
 118:libs/STM32F4xx_StdPeriph_Driver/src/misc.c **** void NVIC_PriorityGroupConfig(uint32_t NVIC_PriorityGroup)
 119:libs/STM32F4xx_StdPeriph_Driver/src/misc.c **** {
  28              		.loc 1 119 0
  29              		.cfi_startproc
  30              		@ args = 0, pretend = 0, frame = 0
  31              		@ frame_needed = 0, uses_anonymous_args = 0
  32              		@ link register save eliminated.
  33              	.LVL0:
 120:libs/STM32F4xx_StdPeriph_Driver/src/misc.c ****   /* Check the parameters */
 121:libs/STM32F4xx_StdPeriph_Driver/src/misc.c ****   assert_param(IS_NVIC_PRIORITY_GROUP(NVIC_PriorityGroup));
 122:libs/STM32F4xx_StdPeriph_Driver/src/misc.c ****   
 123:libs/STM32F4xx_StdPeriph_Driver/src/misc.c ****   /* Set the PRIGROUP[10:8] bits according to NVIC_PriorityGroup value */
 124:libs/STM32F4xx_StdPeriph_Driver/src/misc.c ****   SCB->AIRCR = AIRCR_VECTKEY_MASK | NVIC_PriorityGroup;
  34              		.loc 1 124 0
  35 0000 40F0BF60 		orr	r0, r0, #100139008
  36              	.LVL1:
  37 0004 024B     		ldr	r3, .L2
  38 0006 40F40030 		orr	r0, r0, #131072
  39 000a D860     		str	r0, [r3, #12]
  40 000c 7047     		bx	lr
  41              	.L3:
  42 000e 00BF     		.align	2
  43              	.L2:
  44 0010 00ED00E0 		.word	-536810240
  45              		.cfi_endproc
  46              	.LFE110:
  48              		.section	.text.NVIC_Init,"ax",%progbits
  49              		.align	2
  50              		.global	NVIC_Init
  51              		.thumb
  52              		.thumb_func
  54              	NVIC_Init:
  55              	.LFB111:
 125:libs/STM32F4xx_StdPeriph_Driver/src/misc.c **** }
 126:libs/STM32F4xx_StdPeriph_Driver/src/misc.c **** 
 127:libs/STM32F4xx_StdPeriph_Driver/src/misc.c **** /**
 128:libs/STM32F4xx_StdPeriph_Driver/src/misc.c ****   * @brief  Initializes the NVIC peripheral according to the specified
 129:libs/STM32F4xx_StdPeriph_Driver/src/misc.c ****   *         parameters in the NVIC_InitStruct.
 130:libs/STM32F4xx_StdPeriph_Driver/src/misc.c ****   * @note   To configure interrupts priority correctly, the NVIC_PriorityGroupConfig()
 131:libs/STM32F4xx_StdPeriph_Driver/src/misc.c ****   *         function should be called before. 
 132:libs/STM32F4xx_StdPeriph_Driver/src/misc.c ****   * @param  NVIC_InitStruct: pointer to a NVIC_InitTypeDef structure that contains
 133:libs/STM32F4xx_StdPeriph_Driver/src/misc.c ****   *         the configuration information for the specified NVIC peripheral.
 134:libs/STM32F4xx_StdPeriph_Driver/src/misc.c ****   * @retval None
 135:libs/STM32F4xx_StdPeriph_Driver/src/misc.c ****   */
 136:libs/STM32F4xx_StdPeriph_Driver/src/misc.c **** void NVIC_Init(NVIC_InitTypeDef* NVIC_InitStruct)
 137:libs/STM32F4xx_StdPeriph_Driver/src/misc.c **** {
  56              		.loc 1 137 0
  57              		.cfi_startproc
  58              		@ args = 0, pretend = 0, frame = 0
  59              		@ frame_needed = 0, uses_anonymous_args = 0
  60              		@ link register save eliminated.
  61              	.LVL2:
 138:libs/STM32F4xx_StdPeriph_Driver/src/misc.c ****   uint8_t tmppriority = 0x00, tmppre = 0x00, tmpsub = 0x0F;
 139:libs/STM32F4xx_StdPeriph_Driver/src/misc.c ****   
 140:libs/STM32F4xx_StdPeriph_Driver/src/misc.c ****   /* Check the parameters */
 141:libs/STM32F4xx_StdPeriph_Driver/src/misc.c ****   assert_param(IS_FUNCTIONAL_STATE(NVIC_InitStruct->NVIC_IRQChannelCmd));
 142:libs/STM32F4xx_StdPeriph_Driver/src/misc.c ****   assert_param(IS_NVIC_PREEMPTION_PRIORITY(NVIC_InitStruct->NVIC_IRQChannelPreemptionPriority));  
 143:libs/STM32F4xx_StdPeriph_Driver/src/misc.c ****   assert_param(IS_NVIC_SUB_PRIORITY(NVIC_InitStruct->NVIC_IRQChannelSubPriority));
 144:libs/STM32F4xx_StdPeriph_Driver/src/misc.c ****     
 145:libs/STM32F4xx_StdPeriph_Driver/src/misc.c ****   if (NVIC_InitStruct->NVIC_IRQChannelCmd != DISABLE)
  62              		.loc 1 145 0
  63 0000 C378     		ldrb	r3, [r0, #3]	@ zero_extendqisi2
  64 0002 5BB9     		cbnz	r3, .L10
 146:libs/STM32F4xx_StdPeriph_Driver/src/misc.c ****   {
 147:libs/STM32F4xx_StdPeriph_Driver/src/misc.c ****     /* Compute the Corresponding IRQ Priority --------------------------------*/    
 148:libs/STM32F4xx_StdPeriph_Driver/src/misc.c ****     tmppriority = (0x700 - ((SCB->AIRCR) & (uint32_t)0x700))>> 0x08;
 149:libs/STM32F4xx_StdPeriph_Driver/src/misc.c ****     tmppre = (0x4 - tmppriority);
 150:libs/STM32F4xx_StdPeriph_Driver/src/misc.c ****     tmpsub = tmpsub >> tmppriority;
 151:libs/STM32F4xx_StdPeriph_Driver/src/misc.c **** 
 152:libs/STM32F4xx_StdPeriph_Driver/src/misc.c ****     tmppriority = NVIC_InitStruct->NVIC_IRQChannelPreemptionPriority << tmppre;
 153:libs/STM32F4xx_StdPeriph_Driver/src/misc.c ****     tmppriority |=  (uint8_t)(NVIC_InitStruct->NVIC_IRQChannelSubPriority & tmpsub);
 154:libs/STM32F4xx_StdPeriph_Driver/src/misc.c ****         
 155:libs/STM32F4xx_StdPeriph_Driver/src/misc.c ****     tmppriority = tmppriority << 0x04;
 156:libs/STM32F4xx_StdPeriph_Driver/src/misc.c ****         
 157:libs/STM32F4xx_StdPeriph_Driver/src/misc.c ****     NVIC->IP[NVIC_InitStruct->NVIC_IRQChannel] = tmppriority;
 158:libs/STM32F4xx_StdPeriph_Driver/src/misc.c ****     
 159:libs/STM32F4xx_StdPeriph_Driver/src/misc.c ****     /* Enable the Selected IRQ Channels --------------------------------------*/
 160:libs/STM32F4xx_StdPeriph_Driver/src/misc.c ****     NVIC->ISER[NVIC_InitStruct->NVIC_IRQChannel >> 0x05] =
 161:libs/STM32F4xx_StdPeriph_Driver/src/misc.c ****       (uint32_t)0x01 << (NVIC_InitStruct->NVIC_IRQChannel & (uint8_t)0x1F);
 162:libs/STM32F4xx_StdPeriph_Driver/src/misc.c ****   }
 163:libs/STM32F4xx_StdPeriph_Driver/src/misc.c ****   else
 164:libs/STM32F4xx_StdPeriph_Driver/src/misc.c ****   {
 165:libs/STM32F4xx_StdPeriph_Driver/src/misc.c ****     /* Disable the Selected IRQ Channels -------------------------------------*/
 166:libs/STM32F4xx_StdPeriph_Driver/src/misc.c ****     NVIC->ICER[NVIC_InitStruct->NVIC_IRQChannel >> 0x05] =
  65              		.loc 1 166 0
  66 0004 0378     		ldrb	r3, [r0]	@ zero_extendqisi2
  67 0006 1848     		ldr	r0, .L11
  68              	.LVL3:
  69 0008 5A09     		lsrs	r2, r3, #5
  70 000a 2032     		adds	r2, r2, #32
 167:libs/STM32F4xx_StdPeriph_Driver/src/misc.c ****       (uint32_t)0x01 << (NVIC_InitStruct->NVIC_IRQChannel & (uint8_t)0x1F);
  71              		.loc 1 167 0
  72 000c 03F01F03 		and	r3, r3, #31
  73 0010 0121     		movs	r1, #1
  74 0012 01FA03F3 		lsl	r3, r1, r3
 166:libs/STM32F4xx_StdPeriph_Driver/src/misc.c ****       (uint32_t)0x01 << (NVIC_InitStruct->NVIC_IRQChannel & (uint8_t)0x1F);
  75              		.loc 1 166 0
  76 0016 40F82230 		str	r3, [r0, r2, lsl #2]
  77 001a 7047     		bx	lr
  78              	.LVL4:
  79              	.L10:
 148:libs/STM32F4xx_StdPeriph_Driver/src/misc.c ****     tmppre = (0x4 - tmppriority);
  80              		.loc 1 148 0
  81 001c 134B     		ldr	r3, .L11+4
 137:libs/STM32F4xx_StdPeriph_Driver/src/misc.c ****   uint8_t tmppriority = 0x00, tmppre = 0x00, tmpsub = 0x0F;
  82              		.loc 1 137 0
  83 001e F0B4     		push	{r4, r5, r6, r7}
  84              	.LCFI0:
  85              		.cfi_def_cfa_offset 16
  86              		.cfi_offset 4, -16
  87              		.cfi_offset 5, -12
  88              		.cfi_offset 6, -8
  89              		.cfi_offset 7, -4
 148:libs/STM32F4xx_StdPeriph_Driver/src/misc.c ****     tmppre = (0x4 - tmppriority);
  90              		.loc 1 148 0
  91 0020 D968     		ldr	r1, [r3, #12]
 152:libs/STM32F4xx_StdPeriph_Driver/src/misc.c ****     tmppriority |=  (uint8_t)(NVIC_InitStruct->NVIC_IRQChannelSubPriority & tmpsub);
  92              		.loc 1 152 0
  93 0022 4578     		ldrb	r5, [r0, #1]	@ zero_extendqisi2
 153:libs/STM32F4xx_StdPeriph_Driver/src/misc.c ****         
  94              		.loc 1 153 0
  95 0024 8278     		ldrb	r2, [r0, #2]	@ zero_extendqisi2
 157:libs/STM32F4xx_StdPeriph_Driver/src/misc.c ****     
  96              		.loc 1 157 0
  97 0026 0478     		ldrb	r4, [r0]	@ zero_extendqisi2
  98 0028 0F4E     		ldr	r6, .L11
 148:libs/STM32F4xx_StdPeriph_Driver/src/misc.c ****     tmppre = (0x4 - tmppriority);
  99              		.loc 1 148 0
 100 002a C943     		mvns	r1, r1
 101 002c C1F30221 		ubfx	r1, r1, #8, #3
 102              	.LVL5:
 149:libs/STM32F4xx_StdPeriph_Driver/src/misc.c ****     tmpsub = tmpsub >> tmppriority;
 103              		.loc 1 149 0
 104 0030 C1F10407 		rsb	r7, r1, #4
 152:libs/STM32F4xx_StdPeriph_Driver/src/misc.c ****     tmppriority |=  (uint8_t)(NVIC_InitStruct->NVIC_IRQChannelSubPriority & tmpsub);
 105              		.loc 1 152 0
 106 0034 FFB2     		uxtb	r7, r7
 150:libs/STM32F4xx_StdPeriph_Driver/src/misc.c **** 
 107              		.loc 1 150 0
 108 0036 0F23     		movs	r3, #15
 152:libs/STM32F4xx_StdPeriph_Driver/src/misc.c ****     tmppriority |=  (uint8_t)(NVIC_InitStruct->NVIC_IRQChannelSubPriority & tmpsub);
 109              		.loc 1 152 0
 110 0038 BD40     		lsls	r5, r5, r7
 150:libs/STM32F4xx_StdPeriph_Driver/src/misc.c **** 
 111              		.loc 1 150 0
 112 003a 0B41     		asrs	r3, r3, r1
 153:libs/STM32F4xx_StdPeriph_Driver/src/misc.c ****         
 113              		.loc 1 153 0
 114 003c 1340     		ands	r3, r3, r2
 152:libs/STM32F4xx_StdPeriph_Driver/src/misc.c ****     tmppriority |=  (uint8_t)(NVIC_InitStruct->NVIC_IRQChannelSubPriority & tmpsub);
 115              		.loc 1 152 0
 116 003e E9B2     		uxtb	r1, r5
 117              	.LVL6:
 153:libs/STM32F4xx_StdPeriph_Driver/src/misc.c ****         
 118              		.loc 1 153 0
 119 0040 0B43     		orrs	r3, r3, r1
 120              	.LVL7:
 157:libs/STM32F4xx_StdPeriph_Driver/src/misc.c ****     
 121              		.loc 1 157 0
 122 0042 04F16042 		add	r2, r4, #-536870912
 123 0046 02F56142 		add	r2, r2, #57600
 155:libs/STM32F4xx_StdPeriph_Driver/src/misc.c ****         
 124              		.loc 1 155 0
 125 004a 1B01     		lsls	r3, r3, #4
 126              	.LVL8:
 127 004c DBB2     		uxtb	r3, r3
 128              	.LVL9:
 157:libs/STM32F4xx_StdPeriph_Driver/src/misc.c ****     
 129              		.loc 1 157 0
 130 004e 82F80033 		strb	r3, [r2, #768]
 160:libs/STM32F4xx_StdPeriph_Driver/src/misc.c ****       (uint32_t)0x01 << (NVIC_InitStruct->NVIC_IRQChannel & (uint8_t)0x1F);
 131              		.loc 1 160 0
 132 0052 0378     		ldrb	r3, [r0]	@ zero_extendqisi2
 133              	.LVL10:
 161:libs/STM32F4xx_StdPeriph_Driver/src/misc.c ****   }
 134              		.loc 1 161 0
 135 0054 0122     		movs	r2, #1
 136              	.LVL11:
 137 0056 03F01F01 		and	r1, r3, #31
 160:libs/STM32F4xx_StdPeriph_Driver/src/misc.c ****       (uint32_t)0x01 << (NVIC_InitStruct->NVIC_IRQChannel & (uint8_t)0x1F);
 138              		.loc 1 160 0
 139 005a 5B09     		lsrs	r3, r3, #5
 161:libs/STM32F4xx_StdPeriph_Driver/src/misc.c ****   }
 140              		.loc 1 161 0
 141 005c 8A40     		lsls	r2, r2, r1
 160:libs/STM32F4xx_StdPeriph_Driver/src/misc.c ****       (uint32_t)0x01 << (NVIC_InitStruct->NVIC_IRQChannel & (uint8_t)0x1F);
 142              		.loc 1 160 0
 143 005e 46F82320 		str	r2, [r6, r3, lsl #2]
 144              	.LVL12:
 168:libs/STM32F4xx_StdPeriph_Driver/src/misc.c ****   }
 169:libs/STM32F4xx_StdPeriph_Driver/src/misc.c **** }
 145              		.loc 1 169 0
 146 0062 F0BC     		pop	{r4, r5, r6, r7}
 147              	.LCFI1:
 148              		.cfi_restore 7
 149              		.cfi_restore 6
 150              		.cfi_restore 5
 151              		.cfi_restore 4
 152              		.cfi_def_cfa_offset 0
 153 0064 7047     		bx	lr
 154              	.L12:
 155 0066 00BF     		.align	2
 156              	.L11:
 157 0068 00E100E0 		.word	-536813312
 158 006c 00ED00E0 		.word	-536810240
 159              		.cfi_endproc
 160              	.LFE111:
 162              		.section	.text.NVIC_SetVectorTable,"ax",%progbits
 163              		.align	2
 164              		.global	NVIC_SetVectorTable
 165              		.thumb
 166              		.thumb_func
 168              	NVIC_SetVectorTable:
 169              	.LFB112:
 170:libs/STM32F4xx_StdPeriph_Driver/src/misc.c **** 
 171:libs/STM32F4xx_StdPeriph_Driver/src/misc.c **** /**
 172:libs/STM32F4xx_StdPeriph_Driver/src/misc.c ****   * @brief  Sets the vector table location and Offset.
 173:libs/STM32F4xx_StdPeriph_Driver/src/misc.c ****   * @param  NVIC_VectTab: specifies if the vector table is in RAM or FLASH memory.
 174:libs/STM32F4xx_StdPeriph_Driver/src/misc.c ****   *   This parameter can be one of the following values:
 175:libs/STM32F4xx_StdPeriph_Driver/src/misc.c ****   *     @arg NVIC_VectTab_RAM: Vector Table in internal SRAM.
 176:libs/STM32F4xx_StdPeriph_Driver/src/misc.c ****   *     @arg NVIC_VectTab_FLASH: Vector Table in internal FLASH.
 177:libs/STM32F4xx_StdPeriph_Driver/src/misc.c ****   * @param  Offset: Vector Table base offset field. This value must be a multiple of 0x200.
 178:libs/STM32F4xx_StdPeriph_Driver/src/misc.c ****   * @retval None
 179:libs/STM32F4xx_StdPeriph_Driver/src/misc.c ****   */
 180:libs/STM32F4xx_StdPeriph_Driver/src/misc.c **** void NVIC_SetVectorTable(uint32_t NVIC_VectTab, uint32_t Offset)
 181:libs/STM32F4xx_StdPeriph_Driver/src/misc.c **** { 
 170              		.loc 1 181 0
 171              		.cfi_startproc
 172              		@ args = 0, pretend = 0, frame = 0
 173              		@ frame_needed = 0, uses_anonymous_args = 0
 174              		@ link register save eliminated.
 175              	.LVL13:
 182:libs/STM32F4xx_StdPeriph_Driver/src/misc.c ****   /* Check the parameters */
 183:libs/STM32F4xx_StdPeriph_Driver/src/misc.c ****   assert_param(IS_NVIC_VECTTAB(NVIC_VectTab));
 184:libs/STM32F4xx_StdPeriph_Driver/src/misc.c ****   assert_param(IS_NVIC_OFFSET(Offset));  
 185:libs/STM32F4xx_StdPeriph_Driver/src/misc.c ****    
 186:libs/STM32F4xx_StdPeriph_Driver/src/misc.c ****   SCB->VTOR = NVIC_VectTab | (Offset & (uint32_t)0x1FFFFF80);
 176              		.loc 1 186 0
 177 0000 21F06041 		bic	r1, r1, #-536870912
 178              	.LVL14:
 179 0004 21F07F01 		bic	r1, r1, #127
 180 0008 014B     		ldr	r3, .L14
 181 000a 0843     		orrs	r0, r0, r1
 182              	.LVL15:
 183 000c 9860     		str	r0, [r3, #8]
 184 000e 7047     		bx	lr
 185              	.L15:
 186              		.align	2
 187              	.L14:
 188 0010 00ED00E0 		.word	-536810240
 189              		.cfi_endproc
 190              	.LFE112:
 192              		.section	.text.NVIC_SystemLPConfig,"ax",%progbits
 193              		.align	2
 194              		.global	NVIC_SystemLPConfig
 195              		.thumb
 196              		.thumb_func
 198              	NVIC_SystemLPConfig:
 199              	.LFB113:
 187:libs/STM32F4xx_StdPeriph_Driver/src/misc.c **** }
 188:libs/STM32F4xx_StdPeriph_Driver/src/misc.c **** 
 189:libs/STM32F4xx_StdPeriph_Driver/src/misc.c **** /**
 190:libs/STM32F4xx_StdPeriph_Driver/src/misc.c ****   * @brief  Selects the condition for the system to enter low power mode.
 191:libs/STM32F4xx_StdPeriph_Driver/src/misc.c ****   * @param  LowPowerMode: Specifies the new mode for the system to enter low power mode.
 192:libs/STM32F4xx_StdPeriph_Driver/src/misc.c ****   *   This parameter can be one of the following values:
 193:libs/STM32F4xx_StdPeriph_Driver/src/misc.c ****   *     @arg NVIC_LP_SEVONPEND: Low Power SEV on Pend.
 194:libs/STM32F4xx_StdPeriph_Driver/src/misc.c ****   *     @arg NVIC_LP_SLEEPDEEP: Low Power DEEPSLEEP request.
 195:libs/STM32F4xx_StdPeriph_Driver/src/misc.c ****   *     @arg NVIC_LP_SLEEPONEXIT: Low Power Sleep on Exit.
 196:libs/STM32F4xx_StdPeriph_Driver/src/misc.c ****   * @param  NewState: new state of LP condition. This parameter can be: ENABLE or DISABLE.
 197:libs/STM32F4xx_StdPeriph_Driver/src/misc.c ****   * @retval None
 198:libs/STM32F4xx_StdPeriph_Driver/src/misc.c ****   */
 199:libs/STM32F4xx_StdPeriph_Driver/src/misc.c **** void NVIC_SystemLPConfig(uint8_t LowPowerMode, FunctionalState NewState)
 200:libs/STM32F4xx_StdPeriph_Driver/src/misc.c **** {
 200              		.loc 1 200 0
 201              		.cfi_startproc
 202              		@ args = 0, pretend = 0, frame = 0
 203              		@ frame_needed = 0, uses_anonymous_args = 0
 204              		@ link register save eliminated.
 205              	.LVL16:
 201:libs/STM32F4xx_StdPeriph_Driver/src/misc.c ****   /* Check the parameters */
 202:libs/STM32F4xx_StdPeriph_Driver/src/misc.c ****   assert_param(IS_NVIC_LP(LowPowerMode));
 203:libs/STM32F4xx_StdPeriph_Driver/src/misc.c ****   assert_param(IS_FUNCTIONAL_STATE(NewState));  
 204:libs/STM32F4xx_StdPeriph_Driver/src/misc.c ****   
 205:libs/STM32F4xx_StdPeriph_Driver/src/misc.c ****   if (NewState != DISABLE)
 206:libs/STM32F4xx_StdPeriph_Driver/src/misc.c ****   {
 207:libs/STM32F4xx_StdPeriph_Driver/src/misc.c ****     SCB->SCR |= LowPowerMode;
 206              		.loc 1 207 0
 207 0000 044A     		ldr	r2, .L20
 208 0002 1369     		ldr	r3, [r2, #16]
 205:libs/STM32F4xx_StdPeriph_Driver/src/misc.c ****   {
 209              		.loc 1 205 0
 210 0004 19B9     		cbnz	r1, .L19
 208:libs/STM32F4xx_StdPeriph_Driver/src/misc.c ****   }
 209:libs/STM32F4xx_StdPeriph_Driver/src/misc.c ****   else
 210:libs/STM32F4xx_StdPeriph_Driver/src/misc.c ****   {
 211:libs/STM32F4xx_StdPeriph_Driver/src/misc.c ****     SCB->SCR &= (uint32_t)(~(uint32_t)LowPowerMode);
 211              		.loc 1 211 0
 212 0006 23EA0000 		bic	r0, r3, r0
 213              	.LVL17:
 214 000a 1061     		str	r0, [r2, #16]
 215 000c 7047     		bx	lr
 216              	.LVL18:
 217              	.L19:
 207:libs/STM32F4xx_StdPeriph_Driver/src/misc.c ****   }
 218              		.loc 1 207 0
 219 000e 1843     		orrs	r0, r0, r3
 220              	.LVL19:
 221 0010 1061     		str	r0, [r2, #16]
 222 0012 7047     		bx	lr
 223              	.L21:
 224              		.align	2
 225              	.L20:
 226 0014 00ED00E0 		.word	-536810240
 227              		.cfi_endproc
 228              	.LFE113:
 230              		.section	.text.SysTick_CLKSourceConfig,"ax",%progbits
 231              		.align	2
 232              		.global	SysTick_CLKSourceConfig
 233              		.thumb
 234              		.thumb_func
 236              	SysTick_CLKSourceConfig:
 237              	.LFB114:
 212:libs/STM32F4xx_StdPeriph_Driver/src/misc.c ****   }
 213:libs/STM32F4xx_StdPeriph_Driver/src/misc.c **** }
 214:libs/STM32F4xx_StdPeriph_Driver/src/misc.c **** 
 215:libs/STM32F4xx_StdPeriph_Driver/src/misc.c **** /**
 216:libs/STM32F4xx_StdPeriph_Driver/src/misc.c ****   * @brief  Configures the SysTick clock source.
 217:libs/STM32F4xx_StdPeriph_Driver/src/misc.c ****   * @param  SysTick_CLKSource: specifies the SysTick clock source.
 218:libs/STM32F4xx_StdPeriph_Driver/src/misc.c ****   *   This parameter can be one of the following values:
 219:libs/STM32F4xx_StdPeriph_Driver/src/misc.c ****   *     @arg SysTick_CLKSource_HCLK_Div8: AHB clock divided by 8 selected as SysTick clock source.
 220:libs/STM32F4xx_StdPeriph_Driver/src/misc.c ****   *     @arg SysTick_CLKSource_HCLK: AHB clock selected as SysTick clock source.
 221:libs/STM32F4xx_StdPeriph_Driver/src/misc.c ****   * @retval None
 222:libs/STM32F4xx_StdPeriph_Driver/src/misc.c ****   */
 223:libs/STM32F4xx_StdPeriph_Driver/src/misc.c **** void SysTick_CLKSourceConfig(uint32_t SysTick_CLKSource)
 224:libs/STM32F4xx_StdPeriph_Driver/src/misc.c **** {
 238              		.loc 1 224 0
 239              		.cfi_startproc
 240              		@ args = 0, pretend = 0, frame = 0
 241              		@ frame_needed = 0, uses_anonymous_args = 0
 242              		@ link register save eliminated.
 243              	.LVL20:
 225:libs/STM32F4xx_StdPeriph_Driver/src/misc.c ****   /* Check the parameters */
 226:libs/STM32F4xx_StdPeriph_Driver/src/misc.c ****   assert_param(IS_SYSTICK_CLK_SOURCE(SysTick_CLKSource));
 227:libs/STM32F4xx_StdPeriph_Driver/src/misc.c ****   if (SysTick_CLKSource == SysTick_CLKSource_HCLK)
 228:libs/STM32F4xx_StdPeriph_Driver/src/misc.c ****   {
 229:libs/STM32F4xx_StdPeriph_Driver/src/misc.c ****     SysTick->CTRL |= SysTick_CLKSource_HCLK;
 244              		.loc 1 229 0
 245 0000 044A     		ldr	r2, .L25
 246 0002 1368     		ldr	r3, [r2]
 227:libs/STM32F4xx_StdPeriph_Driver/src/misc.c ****   {
 247              		.loc 1 227 0
 248 0004 0428     		cmp	r0, #4
 249              		.loc 1 229 0
 250 0006 0CBF     		ite	eq
 251 0008 43F00403 		orreq	r3, r3, #4
 230:libs/STM32F4xx_StdPeriph_Driver/src/misc.c ****   }
 231:libs/STM32F4xx_StdPeriph_Driver/src/misc.c ****   else
 232:libs/STM32F4xx_StdPeriph_Driver/src/misc.c ****   {
 233:libs/STM32F4xx_StdPeriph_Driver/src/misc.c ****     SysTick->CTRL &= SysTick_CLKSource_HCLK_Div8;
 252              		.loc 1 233 0
 253 000c 23F00403 		bicne	r3, r3, #4
 254 0010 1360     		str	r3, [r2]
 255 0012 7047     		bx	lr
 256              	.L26:
 257              		.align	2
 258              	.L25:
 259 0014 10E000E0 		.word	-536813552
 260              		.cfi_endproc
 261              	.LFE114:
 263              		.text
 264              	.Letext0:
 265              		.file 2 "c:\\program files (x86)\\gnu tools arm embedded\\4.9 2014q4\\arm-none-eabi\\include\\mach
 266              		.file 3 "c:\\program files (x86)\\gnu tools arm embedded\\4.9 2014q4\\arm-none-eabi\\include\\stdi
 267              		.file 4 "libs/CMSIS/Include/core_cm4.h"
 268              		.file 5 "libs/Device/STM32F4xx/Include/stm32f4xx.h"
 269              		.file 6 "libs/STM32F4xx_StdPeriph_Driver/inc/misc.h"
DEFINED SYMBOLS
                            *ABS*:00000000 misc.c
C:\Users\Student\AppData\Local\Temp\ccdsDRd1.s:20     .text.NVIC_PriorityGroupConfig:00000000 $t
C:\Users\Student\AppData\Local\Temp\ccdsDRd1.s:25     .text.NVIC_PriorityGroupConfig:00000000 NVIC_PriorityGroupConfig
C:\Users\Student\AppData\Local\Temp\ccdsDRd1.s:44     .text.NVIC_PriorityGroupConfig:00000010 $d
C:\Users\Student\AppData\Local\Temp\ccdsDRd1.s:49     .text.NVIC_Init:00000000 $t
C:\Users\Student\AppData\Local\Temp\ccdsDRd1.s:54     .text.NVIC_Init:00000000 NVIC_Init
C:\Users\Student\AppData\Local\Temp\ccdsDRd1.s:157    .text.NVIC_Init:00000068 $d
C:\Users\Student\AppData\Local\Temp\ccdsDRd1.s:163    .text.NVIC_SetVectorTable:00000000 $t
C:\Users\Student\AppData\Local\Temp\ccdsDRd1.s:168    .text.NVIC_SetVectorTable:00000000 NVIC_SetVectorTable
C:\Users\Student\AppData\Local\Temp\ccdsDRd1.s:188    .text.NVIC_SetVectorTable:00000010 $d
C:\Users\Student\AppData\Local\Temp\ccdsDRd1.s:193    .text.NVIC_SystemLPConfig:00000000 $t
C:\Users\Student\AppData\Local\Temp\ccdsDRd1.s:198    .text.NVIC_SystemLPConfig:00000000 NVIC_SystemLPConfig
C:\Users\Student\AppData\Local\Temp\ccdsDRd1.s:226    .text.NVIC_SystemLPConfig:00000014 $d
C:\Users\Student\AppData\Local\Temp\ccdsDRd1.s:231    .text.SysTick_CLKSourceConfig:00000000 $t
C:\Users\Student\AppData\Local\Temp\ccdsDRd1.s:236    .text.SysTick_CLKSourceConfig:00000000 SysTick_CLKSourceConfig
C:\Users\Student\AppData\Local\Temp\ccdsDRd1.s:259    .text.SysTick_CLKSourceConfig:00000014 $d
                     .debug_frame:00000010 $d

NO UNDEFINED SYMBOLS
