   1              		.syntax unified
   2              		.cpu cortex-m4
   3              		.eabi_attribute 27, 3
   4              		.fpu fpv4-sp-d16
   5              		.eabi_attribute 20, 1
   6              		.eabi_attribute 21, 1
   7              		.eabi_attribute 23, 3
   8              		.eabi_attribute 24, 1
   9              		.eabi_attribute 25, 1
  10              		.eabi_attribute 26, 1
  11              		.eabi_attribute 30, 2
  12              		.eabi_attribute 34, 1
  13              		.eabi_attribute 18, 4
  14              		.thumb
  15              		.file	"stm32f4xx_dbgmcu.c"
  16              		.text
  17              	.Ltext0:
  18              		.cfi_sections	.debug_frame
  19              		.section	.text.DBGMCU_GetREVID,"ax",%progbits
  20              		.align	2
  21              		.global	DBGMCU_GetREVID
  22              		.thumb
  23              		.thumb_func
  25              	DBGMCU_GetREVID:
  26              	.LFB110:
  27              		.file 1 "libs/STM32F4xx_StdPeriph_Driver/src/stm32f4xx_dbgmcu.c"
   1:libs/STM32F4xx_StdPeriph_Driver/src/stm32f4xx_dbgmcu.c **** /**
   2:libs/STM32F4xx_StdPeriph_Driver/src/stm32f4xx_dbgmcu.c ****   ******************************************************************************
   3:libs/STM32F4xx_StdPeriph_Driver/src/stm32f4xx_dbgmcu.c ****   * @file    stm32f4xx_dbgmcu.c
   4:libs/STM32F4xx_StdPeriph_Driver/src/stm32f4xx_dbgmcu.c ****   * @author  MCD Application Team
   5:libs/STM32F4xx_StdPeriph_Driver/src/stm32f4xx_dbgmcu.c ****   * @version V1.3.0
   6:libs/STM32F4xx_StdPeriph_Driver/src/stm32f4xx_dbgmcu.c ****   * @date    08-November-2013
   7:libs/STM32F4xx_StdPeriph_Driver/src/stm32f4xx_dbgmcu.c ****   * @brief   This file provides all the DBGMCU firmware functions.
   8:libs/STM32F4xx_StdPeriph_Driver/src/stm32f4xx_dbgmcu.c ****   ******************************************************************************
   9:libs/STM32F4xx_StdPeriph_Driver/src/stm32f4xx_dbgmcu.c ****   * @attention
  10:libs/STM32F4xx_StdPeriph_Driver/src/stm32f4xx_dbgmcu.c ****   *
  11:libs/STM32F4xx_StdPeriph_Driver/src/stm32f4xx_dbgmcu.c ****   * <h2><center>&copy; COPYRIGHT 2013 STMicroelectronics</center></h2>
  12:libs/STM32F4xx_StdPeriph_Driver/src/stm32f4xx_dbgmcu.c ****   *
  13:libs/STM32F4xx_StdPeriph_Driver/src/stm32f4xx_dbgmcu.c ****   * Licensed under MCD-ST Liberty SW License Agreement V2, (the "License");
  14:libs/STM32F4xx_StdPeriph_Driver/src/stm32f4xx_dbgmcu.c ****   * You may not use this file except in compliance with the License.
  15:libs/STM32F4xx_StdPeriph_Driver/src/stm32f4xx_dbgmcu.c ****   * You may obtain a copy of the License at:
  16:libs/STM32F4xx_StdPeriph_Driver/src/stm32f4xx_dbgmcu.c ****   *
  17:libs/STM32F4xx_StdPeriph_Driver/src/stm32f4xx_dbgmcu.c ****   *        http://www.st.com/software_license_agreement_liberty_v2
  18:libs/STM32F4xx_StdPeriph_Driver/src/stm32f4xx_dbgmcu.c ****   *
  19:libs/STM32F4xx_StdPeriph_Driver/src/stm32f4xx_dbgmcu.c ****   * Unless required by applicable law or agreed to in writing, software 
  20:libs/STM32F4xx_StdPeriph_Driver/src/stm32f4xx_dbgmcu.c ****   * distributed under the License is distributed on an "AS IS" BASIS, 
  21:libs/STM32F4xx_StdPeriph_Driver/src/stm32f4xx_dbgmcu.c ****   * WITHOUT WARRANTIES OR CONDITIONS OF ANY KIND, either express or implied.
  22:libs/STM32F4xx_StdPeriph_Driver/src/stm32f4xx_dbgmcu.c ****   * See the License for the specific language governing permissions and
  23:libs/STM32F4xx_StdPeriph_Driver/src/stm32f4xx_dbgmcu.c ****   * limitations under the License.
  24:libs/STM32F4xx_StdPeriph_Driver/src/stm32f4xx_dbgmcu.c ****   *
  25:libs/STM32F4xx_StdPeriph_Driver/src/stm32f4xx_dbgmcu.c ****   ******************************************************************************
  26:libs/STM32F4xx_StdPeriph_Driver/src/stm32f4xx_dbgmcu.c ****   */
  27:libs/STM32F4xx_StdPeriph_Driver/src/stm32f4xx_dbgmcu.c **** 
  28:libs/STM32F4xx_StdPeriph_Driver/src/stm32f4xx_dbgmcu.c **** /* Includes ------------------------------------------------------------------*/
  29:libs/STM32F4xx_StdPeriph_Driver/src/stm32f4xx_dbgmcu.c **** #include "stm32f4xx_dbgmcu.h"
  30:libs/STM32F4xx_StdPeriph_Driver/src/stm32f4xx_dbgmcu.c **** 
  31:libs/STM32F4xx_StdPeriph_Driver/src/stm32f4xx_dbgmcu.c **** /** @addtogroup STM32F4xx_StdPeriph_Driver
  32:libs/STM32F4xx_StdPeriph_Driver/src/stm32f4xx_dbgmcu.c ****   * @{
  33:libs/STM32F4xx_StdPeriph_Driver/src/stm32f4xx_dbgmcu.c ****   */
  34:libs/STM32F4xx_StdPeriph_Driver/src/stm32f4xx_dbgmcu.c **** 
  35:libs/STM32F4xx_StdPeriph_Driver/src/stm32f4xx_dbgmcu.c **** /** @defgroup DBGMCU 
  36:libs/STM32F4xx_StdPeriph_Driver/src/stm32f4xx_dbgmcu.c ****   * @brief DBGMCU driver modules
  37:libs/STM32F4xx_StdPeriph_Driver/src/stm32f4xx_dbgmcu.c ****   * @{
  38:libs/STM32F4xx_StdPeriph_Driver/src/stm32f4xx_dbgmcu.c ****   */ 
  39:libs/STM32F4xx_StdPeriph_Driver/src/stm32f4xx_dbgmcu.c **** 
  40:libs/STM32F4xx_StdPeriph_Driver/src/stm32f4xx_dbgmcu.c **** /* Private typedef -----------------------------------------------------------*/
  41:libs/STM32F4xx_StdPeriph_Driver/src/stm32f4xx_dbgmcu.c **** /* Private define ------------------------------------------------------------*/
  42:libs/STM32F4xx_StdPeriph_Driver/src/stm32f4xx_dbgmcu.c **** #define IDCODE_DEVID_MASK    ((uint32_t)0x00000FFF)
  43:libs/STM32F4xx_StdPeriph_Driver/src/stm32f4xx_dbgmcu.c **** 
  44:libs/STM32F4xx_StdPeriph_Driver/src/stm32f4xx_dbgmcu.c **** /* Private macro -------------------------------------------------------------*/
  45:libs/STM32F4xx_StdPeriph_Driver/src/stm32f4xx_dbgmcu.c **** /* Private variables ---------------------------------------------------------*/
  46:libs/STM32F4xx_StdPeriph_Driver/src/stm32f4xx_dbgmcu.c **** /* Private function prototypes -----------------------------------------------*/
  47:libs/STM32F4xx_StdPeriph_Driver/src/stm32f4xx_dbgmcu.c **** /* Private functions ---------------------------------------------------------*/
  48:libs/STM32F4xx_StdPeriph_Driver/src/stm32f4xx_dbgmcu.c **** 
  49:libs/STM32F4xx_StdPeriph_Driver/src/stm32f4xx_dbgmcu.c **** /** @defgroup DBGMCU_Private_Functions
  50:libs/STM32F4xx_StdPeriph_Driver/src/stm32f4xx_dbgmcu.c ****   * @{
  51:libs/STM32F4xx_StdPeriph_Driver/src/stm32f4xx_dbgmcu.c ****   */ 
  52:libs/STM32F4xx_StdPeriph_Driver/src/stm32f4xx_dbgmcu.c **** 
  53:libs/STM32F4xx_StdPeriph_Driver/src/stm32f4xx_dbgmcu.c **** /**
  54:libs/STM32F4xx_StdPeriph_Driver/src/stm32f4xx_dbgmcu.c ****   * @brief  Returns the device revision identifier.
  55:libs/STM32F4xx_StdPeriph_Driver/src/stm32f4xx_dbgmcu.c ****   * @param  None
  56:libs/STM32F4xx_StdPeriph_Driver/src/stm32f4xx_dbgmcu.c ****   * @retval Device revision identifier
  57:libs/STM32F4xx_StdPeriph_Driver/src/stm32f4xx_dbgmcu.c ****   */
  58:libs/STM32F4xx_StdPeriph_Driver/src/stm32f4xx_dbgmcu.c **** uint32_t DBGMCU_GetREVID(void)
  59:libs/STM32F4xx_StdPeriph_Driver/src/stm32f4xx_dbgmcu.c **** {
  28              		.loc 1 59 0
  29              		.cfi_startproc
  30              		@ args = 0, pretend = 0, frame = 0
  31              		@ frame_needed = 0, uses_anonymous_args = 0
  32              		@ link register save eliminated.
  60:libs/STM32F4xx_StdPeriph_Driver/src/stm32f4xx_dbgmcu.c ****    return(DBGMCU->IDCODE >> 16);
  33              		.loc 1 60 0
  34 0000 014B     		ldr	r3, .L2
  35 0002 1868     		ldr	r0, [r3]
  61:libs/STM32F4xx_StdPeriph_Driver/src/stm32f4xx_dbgmcu.c **** }
  36              		.loc 1 61 0
  37 0004 000C     		lsrs	r0, r0, #16
  38 0006 7047     		bx	lr
  39              	.L3:
  40              		.align	2
  41              	.L2:
  42 0008 002004E0 		.word	-536600576
  43              		.cfi_endproc
  44              	.LFE110:
  46              		.section	.text.DBGMCU_GetDEVID,"ax",%progbits
  47              		.align	2
  48              		.global	DBGMCU_GetDEVID
  49              		.thumb
  50              		.thumb_func
  52              	DBGMCU_GetDEVID:
  53              	.LFB111:
  62:libs/STM32F4xx_StdPeriph_Driver/src/stm32f4xx_dbgmcu.c **** 
  63:libs/STM32F4xx_StdPeriph_Driver/src/stm32f4xx_dbgmcu.c **** /**
  64:libs/STM32F4xx_StdPeriph_Driver/src/stm32f4xx_dbgmcu.c ****   * @brief  Returns the device identifier.
  65:libs/STM32F4xx_StdPeriph_Driver/src/stm32f4xx_dbgmcu.c ****   * @param  None
  66:libs/STM32F4xx_StdPeriph_Driver/src/stm32f4xx_dbgmcu.c ****   * @retval Device identifier
  67:libs/STM32F4xx_StdPeriph_Driver/src/stm32f4xx_dbgmcu.c ****   */
  68:libs/STM32F4xx_StdPeriph_Driver/src/stm32f4xx_dbgmcu.c **** uint32_t DBGMCU_GetDEVID(void)
  69:libs/STM32F4xx_StdPeriph_Driver/src/stm32f4xx_dbgmcu.c **** {
  54              		.loc 1 69 0
  55              		.cfi_startproc
  56              		@ args = 0, pretend = 0, frame = 0
  57              		@ frame_needed = 0, uses_anonymous_args = 0
  58              		@ link register save eliminated.
  70:libs/STM32F4xx_StdPeriph_Driver/src/stm32f4xx_dbgmcu.c ****    return(DBGMCU->IDCODE & IDCODE_DEVID_MASK);
  59              		.loc 1 70 0
  60 0000 024B     		ldr	r3, .L5
  61 0002 1868     		ldr	r0, [r3]
  71:libs/STM32F4xx_StdPeriph_Driver/src/stm32f4xx_dbgmcu.c **** }
  62              		.loc 1 71 0
  63 0004 C0F30B00 		ubfx	r0, r0, #0, #12
  64 0008 7047     		bx	lr
  65              	.L6:
  66 000a 00BF     		.align	2
  67              	.L5:
  68 000c 002004E0 		.word	-536600576
  69              		.cfi_endproc
  70              	.LFE111:
  72              		.section	.text.DBGMCU_Config,"ax",%progbits
  73              		.align	2
  74              		.global	DBGMCU_Config
  75              		.thumb
  76              		.thumb_func
  78              	DBGMCU_Config:
  79              	.LFB112:
  72:libs/STM32F4xx_StdPeriph_Driver/src/stm32f4xx_dbgmcu.c **** 
  73:libs/STM32F4xx_StdPeriph_Driver/src/stm32f4xx_dbgmcu.c **** /**
  74:libs/STM32F4xx_StdPeriph_Driver/src/stm32f4xx_dbgmcu.c ****   * @brief  Configures low power mode behavior when the MCU is in Debug mode.
  75:libs/STM32F4xx_StdPeriph_Driver/src/stm32f4xx_dbgmcu.c ****   * @param  DBGMCU_Periph: specifies the low power mode.
  76:libs/STM32F4xx_StdPeriph_Driver/src/stm32f4xx_dbgmcu.c ****   *   This parameter can be any combination of the following values:
  77:libs/STM32F4xx_StdPeriph_Driver/src/stm32f4xx_dbgmcu.c ****   *     @arg DBGMCU_SLEEP: Keep debugger connection during SLEEP mode              
  78:libs/STM32F4xx_StdPeriph_Driver/src/stm32f4xx_dbgmcu.c ****   *     @arg DBGMCU_STOP: Keep debugger connection during STOP mode               
  79:libs/STM32F4xx_StdPeriph_Driver/src/stm32f4xx_dbgmcu.c ****   *     @arg DBGMCU_STANDBY: Keep debugger connection during STANDBY mode        
  80:libs/STM32F4xx_StdPeriph_Driver/src/stm32f4xx_dbgmcu.c ****   * @param  NewState: new state of the specified low power mode in Debug mode.
  81:libs/STM32F4xx_StdPeriph_Driver/src/stm32f4xx_dbgmcu.c ****   *   This parameter can be: ENABLE or DISABLE.
  82:libs/STM32F4xx_StdPeriph_Driver/src/stm32f4xx_dbgmcu.c ****   * @retval None
  83:libs/STM32F4xx_StdPeriph_Driver/src/stm32f4xx_dbgmcu.c ****   */
  84:libs/STM32F4xx_StdPeriph_Driver/src/stm32f4xx_dbgmcu.c **** void DBGMCU_Config(uint32_t DBGMCU_Periph, FunctionalState NewState)
  85:libs/STM32F4xx_StdPeriph_Driver/src/stm32f4xx_dbgmcu.c **** {
  80              		.loc 1 85 0
  81              		.cfi_startproc
  82              		@ args = 0, pretend = 0, frame = 0
  83              		@ frame_needed = 0, uses_anonymous_args = 0
  84              		@ link register save eliminated.
  85              	.LVL0:
  86:libs/STM32F4xx_StdPeriph_Driver/src/stm32f4xx_dbgmcu.c ****   /* Check the parameters */
  87:libs/STM32F4xx_StdPeriph_Driver/src/stm32f4xx_dbgmcu.c ****   assert_param(IS_DBGMCU_PERIPH(DBGMCU_Periph));
  88:libs/STM32F4xx_StdPeriph_Driver/src/stm32f4xx_dbgmcu.c ****   assert_param(IS_FUNCTIONAL_STATE(NewState));
  89:libs/STM32F4xx_StdPeriph_Driver/src/stm32f4xx_dbgmcu.c ****   if (NewState != DISABLE)
  90:libs/STM32F4xx_StdPeriph_Driver/src/stm32f4xx_dbgmcu.c ****   {
  91:libs/STM32F4xx_StdPeriph_Driver/src/stm32f4xx_dbgmcu.c ****     DBGMCU->CR |= DBGMCU_Periph;
  86              		.loc 1 91 0
  87 0000 044A     		ldr	r2, .L12
  88 0002 5368     		ldr	r3, [r2, #4]
  89:libs/STM32F4xx_StdPeriph_Driver/src/stm32f4xx_dbgmcu.c ****   {
  89              		.loc 1 89 0
  90 0004 19B9     		cbnz	r1, .L11
  92:libs/STM32F4xx_StdPeriph_Driver/src/stm32f4xx_dbgmcu.c ****   }
  93:libs/STM32F4xx_StdPeriph_Driver/src/stm32f4xx_dbgmcu.c ****   else
  94:libs/STM32F4xx_StdPeriph_Driver/src/stm32f4xx_dbgmcu.c ****   {
  95:libs/STM32F4xx_StdPeriph_Driver/src/stm32f4xx_dbgmcu.c ****     DBGMCU->CR &= ~DBGMCU_Periph;
  91              		.loc 1 95 0
  92 0006 23EA0000 		bic	r0, r3, r0
  93              	.LVL1:
  94 000a 5060     		str	r0, [r2, #4]
  95 000c 7047     		bx	lr
  96              	.LVL2:
  97              	.L11:
  91:libs/STM32F4xx_StdPeriph_Driver/src/stm32f4xx_dbgmcu.c ****   }
  98              		.loc 1 91 0
  99 000e 1843     		orrs	r0, r0, r3
 100              	.LVL3:
 101 0010 5060     		str	r0, [r2, #4]
 102 0012 7047     		bx	lr
 103              	.L13:
 104              		.align	2
 105              	.L12:
 106 0014 002004E0 		.word	-536600576
 107              		.cfi_endproc
 108              	.LFE112:
 110              		.section	.text.DBGMCU_APB1PeriphConfig,"ax",%progbits
 111              		.align	2
 112              		.global	DBGMCU_APB1PeriphConfig
 113              		.thumb
 114              		.thumb_func
 116              	DBGMCU_APB1PeriphConfig:
 117              	.LFB113:
  96:libs/STM32F4xx_StdPeriph_Driver/src/stm32f4xx_dbgmcu.c ****   }
  97:libs/STM32F4xx_StdPeriph_Driver/src/stm32f4xx_dbgmcu.c **** }
  98:libs/STM32F4xx_StdPeriph_Driver/src/stm32f4xx_dbgmcu.c **** 
  99:libs/STM32F4xx_StdPeriph_Driver/src/stm32f4xx_dbgmcu.c **** /**
 100:libs/STM32F4xx_StdPeriph_Driver/src/stm32f4xx_dbgmcu.c ****   * @brief  Configures APB1 peripheral behavior when the MCU is in Debug mode.
 101:libs/STM32F4xx_StdPeriph_Driver/src/stm32f4xx_dbgmcu.c ****   * @param  DBGMCU_Periph: specifies the APB1 peripheral.
 102:libs/STM32F4xx_StdPeriph_Driver/src/stm32f4xx_dbgmcu.c ****   *   This parameter can be any combination of the following values:        
 103:libs/STM32F4xx_StdPeriph_Driver/src/stm32f4xx_dbgmcu.c ****   *     @arg DBGMCU_TIM2_STOP: TIM2 counter stopped when Core is halted          
 104:libs/STM32F4xx_StdPeriph_Driver/src/stm32f4xx_dbgmcu.c ****   *     @arg DBGMCU_TIM3_STOP: TIM3 counter stopped when Core is halted          
 105:libs/STM32F4xx_StdPeriph_Driver/src/stm32f4xx_dbgmcu.c ****   *     @arg DBGMCU_TIM4_STOP: TIM4 counter stopped when Core is halted
 106:libs/STM32F4xx_StdPeriph_Driver/src/stm32f4xx_dbgmcu.c ****   *     @arg DBGMCU_TIM5_STOP: TIM5 counter stopped when Core is halted          
 107:libs/STM32F4xx_StdPeriph_Driver/src/stm32f4xx_dbgmcu.c ****   *     @arg DBGMCU_TIM6_STOP: TIM6 counter stopped when Core is halted          
 108:libs/STM32F4xx_StdPeriph_Driver/src/stm32f4xx_dbgmcu.c ****   *     @arg DBGMCU_TIM7_STOP: TIM7 counter stopped when Core is halted
 109:libs/STM32F4xx_StdPeriph_Driver/src/stm32f4xx_dbgmcu.c ****   *     @arg DBGMCU_TIM12_STOP: TIM12 counter stopped when Core is halted  
 110:libs/STM32F4xx_StdPeriph_Driver/src/stm32f4xx_dbgmcu.c ****   *     @arg DBGMCU_TIM13_STOP: TIM13 counter stopped when Core is halted  
 111:libs/STM32F4xx_StdPeriph_Driver/src/stm32f4xx_dbgmcu.c ****   *     @arg DBGMCU_TIM14_STOP: TIM14 counter stopped when Core is halted 
 112:libs/STM32F4xx_StdPeriph_Driver/src/stm32f4xx_dbgmcu.c ****   *     @arg DBGMCU_RTC_STOP: RTC Calendar and Wakeup counter stopped when Core is halted.         
 113:libs/STM32F4xx_StdPeriph_Driver/src/stm32f4xx_dbgmcu.c ****   *     @arg DBGMCU_WWDG_STOP: Debug WWDG stopped when Core is halted
 114:libs/STM32F4xx_StdPeriph_Driver/src/stm32f4xx_dbgmcu.c ****   *     @arg DBGMCU_IWDG_STOP: Debug IWDG stopped when Core is halted        
 115:libs/STM32F4xx_StdPeriph_Driver/src/stm32f4xx_dbgmcu.c ****   *     @arg DBGMCU_I2C1_SMBUS_TIMEOUT: I2C1 SMBUS timeout mode stopped when Core is halted
 116:libs/STM32F4xx_StdPeriph_Driver/src/stm32f4xx_dbgmcu.c ****   *     @arg DBGMCU_I2C2_SMBUS_TIMEOUT: I2C2 SMBUS timeout mode stopped when Core is halted
 117:libs/STM32F4xx_StdPeriph_Driver/src/stm32f4xx_dbgmcu.c ****   *     @arg DBGMCU_I2C3_SMBUS_TIMEOUT: I2C3 SMBUS timeout mode stopped when Core is halted
 118:libs/STM32F4xx_StdPeriph_Driver/src/stm32f4xx_dbgmcu.c ****   *     @arg DBGMCU_CAN2_STOP: Debug CAN1 stopped when Core is halted           
 119:libs/STM32F4xx_StdPeriph_Driver/src/stm32f4xx_dbgmcu.c ****   *     @arg DBGMCU_CAN1_STOP: Debug CAN2 stopped when Core is halted        
 120:libs/STM32F4xx_StdPeriph_Driver/src/stm32f4xx_dbgmcu.c ****   *   This parameter can be: ENABLE or DISABLE.
 121:libs/STM32F4xx_StdPeriph_Driver/src/stm32f4xx_dbgmcu.c ****   * @retval None
 122:libs/STM32F4xx_StdPeriph_Driver/src/stm32f4xx_dbgmcu.c ****   */
 123:libs/STM32F4xx_StdPeriph_Driver/src/stm32f4xx_dbgmcu.c **** void DBGMCU_APB1PeriphConfig(uint32_t DBGMCU_Periph, FunctionalState NewState)
 124:libs/STM32F4xx_StdPeriph_Driver/src/stm32f4xx_dbgmcu.c **** {
 118              		.loc 1 124 0
 119              		.cfi_startproc
 120              		@ args = 0, pretend = 0, frame = 0
 121              		@ frame_needed = 0, uses_anonymous_args = 0
 122              		@ link register save eliminated.
 123              	.LVL4:
 125:libs/STM32F4xx_StdPeriph_Driver/src/stm32f4xx_dbgmcu.c ****   /* Check the parameters */
 126:libs/STM32F4xx_StdPeriph_Driver/src/stm32f4xx_dbgmcu.c ****   assert_param(IS_DBGMCU_APB1PERIPH(DBGMCU_Periph));
 127:libs/STM32F4xx_StdPeriph_Driver/src/stm32f4xx_dbgmcu.c ****   assert_param(IS_FUNCTIONAL_STATE(NewState));
 128:libs/STM32F4xx_StdPeriph_Driver/src/stm32f4xx_dbgmcu.c **** 
 129:libs/STM32F4xx_StdPeriph_Driver/src/stm32f4xx_dbgmcu.c ****   if (NewState != DISABLE)
 130:libs/STM32F4xx_StdPeriph_Driver/src/stm32f4xx_dbgmcu.c ****   {
 131:libs/STM32F4xx_StdPeriph_Driver/src/stm32f4xx_dbgmcu.c ****     DBGMCU->APB1FZ |= DBGMCU_Periph;
 124              		.loc 1 131 0
 125 0000 044A     		ldr	r2, .L18
 126 0002 9368     		ldr	r3, [r2, #8]
 129:libs/STM32F4xx_StdPeriph_Driver/src/stm32f4xx_dbgmcu.c ****   {
 127              		.loc 1 129 0
 128 0004 19B9     		cbnz	r1, .L17
 132:libs/STM32F4xx_StdPeriph_Driver/src/stm32f4xx_dbgmcu.c ****   }
 133:libs/STM32F4xx_StdPeriph_Driver/src/stm32f4xx_dbgmcu.c ****   else
 134:libs/STM32F4xx_StdPeriph_Driver/src/stm32f4xx_dbgmcu.c ****   {
 135:libs/STM32F4xx_StdPeriph_Driver/src/stm32f4xx_dbgmcu.c ****     DBGMCU->APB1FZ &= ~DBGMCU_Periph;
 129              		.loc 1 135 0
 130 0006 23EA0000 		bic	r0, r3, r0
 131              	.LVL5:
 132 000a 9060     		str	r0, [r2, #8]
 133 000c 7047     		bx	lr
 134              	.LVL6:
 135              	.L17:
 131:libs/STM32F4xx_StdPeriph_Driver/src/stm32f4xx_dbgmcu.c ****   }
 136              		.loc 1 131 0
 137 000e 1843     		orrs	r0, r0, r3
 138              	.LVL7:
 139 0010 9060     		str	r0, [r2, #8]
 140 0012 7047     		bx	lr
 141              	.L19:
 142              		.align	2
 143              	.L18:
 144 0014 002004E0 		.word	-536600576
 145              		.cfi_endproc
 146              	.LFE113:
 148              		.section	.text.DBGMCU_APB2PeriphConfig,"ax",%progbits
 149              		.align	2
 150              		.global	DBGMCU_APB2PeriphConfig
 151              		.thumb
 152              		.thumb_func
 154              	DBGMCU_APB2PeriphConfig:
 155              	.LFB114:
 136:libs/STM32F4xx_StdPeriph_Driver/src/stm32f4xx_dbgmcu.c ****   }
 137:libs/STM32F4xx_StdPeriph_Driver/src/stm32f4xx_dbgmcu.c **** }
 138:libs/STM32F4xx_StdPeriph_Driver/src/stm32f4xx_dbgmcu.c **** 
 139:libs/STM32F4xx_StdPeriph_Driver/src/stm32f4xx_dbgmcu.c **** /**
 140:libs/STM32F4xx_StdPeriph_Driver/src/stm32f4xx_dbgmcu.c ****   * @brief  Configures APB2 peripheral behavior when the MCU is in Debug mode.
 141:libs/STM32F4xx_StdPeriph_Driver/src/stm32f4xx_dbgmcu.c ****   * @param  DBGMCU_Periph: specifies the APB2 peripheral.
 142:libs/STM32F4xx_StdPeriph_Driver/src/stm32f4xx_dbgmcu.c ****   *   This parameter can be any combination of the following values:       
 143:libs/STM32F4xx_StdPeriph_Driver/src/stm32f4xx_dbgmcu.c ****   *     @arg DBGMCU_TIM1_STOP: TIM1 counter stopped when Core is halted                
 144:libs/STM32F4xx_StdPeriph_Driver/src/stm32f4xx_dbgmcu.c ****   *     @arg DBGMCU_TIM8_STOP: TIM8 counter stopped when Core is halted
 145:libs/STM32F4xx_StdPeriph_Driver/src/stm32f4xx_dbgmcu.c ****   *     @arg DBGMCU_TIM9_STOP: TIM9 counter stopped when Core is halted   
 146:libs/STM32F4xx_StdPeriph_Driver/src/stm32f4xx_dbgmcu.c ****   *     @arg DBGMCU_TIM10_STOP: TIM10 counter stopped when Core is halted   
 147:libs/STM32F4xx_StdPeriph_Driver/src/stm32f4xx_dbgmcu.c ****   *     @arg DBGMCU_TIM11_STOP: TIM11 counter stopped when Core is halted                          
 148:libs/STM32F4xx_StdPeriph_Driver/src/stm32f4xx_dbgmcu.c ****   * @param  NewState: new state of the specified peripheral in Debug mode.
 149:libs/STM32F4xx_StdPeriph_Driver/src/stm32f4xx_dbgmcu.c ****   *   This parameter can be: ENABLE or DISABLE.
 150:libs/STM32F4xx_StdPeriph_Driver/src/stm32f4xx_dbgmcu.c ****   * @retval None
 151:libs/STM32F4xx_StdPeriph_Driver/src/stm32f4xx_dbgmcu.c ****   */
 152:libs/STM32F4xx_StdPeriph_Driver/src/stm32f4xx_dbgmcu.c **** void DBGMCU_APB2PeriphConfig(uint32_t DBGMCU_Periph, FunctionalState NewState)
 153:libs/STM32F4xx_StdPeriph_Driver/src/stm32f4xx_dbgmcu.c **** {
 156              		.loc 1 153 0
 157              		.cfi_startproc
 158              		@ args = 0, pretend = 0, frame = 0
 159              		@ frame_needed = 0, uses_anonymous_args = 0
 160              		@ link register save eliminated.
 161              	.LVL8:
 154:libs/STM32F4xx_StdPeriph_Driver/src/stm32f4xx_dbgmcu.c ****   /* Check the parameters */
 155:libs/STM32F4xx_StdPeriph_Driver/src/stm32f4xx_dbgmcu.c ****   assert_param(IS_DBGMCU_APB2PERIPH(DBGMCU_Periph));
 156:libs/STM32F4xx_StdPeriph_Driver/src/stm32f4xx_dbgmcu.c ****   assert_param(IS_FUNCTIONAL_STATE(NewState));
 157:libs/STM32F4xx_StdPeriph_Driver/src/stm32f4xx_dbgmcu.c **** 
 158:libs/STM32F4xx_StdPeriph_Driver/src/stm32f4xx_dbgmcu.c ****   if (NewState != DISABLE)
 159:libs/STM32F4xx_StdPeriph_Driver/src/stm32f4xx_dbgmcu.c ****   {
 160:libs/STM32F4xx_StdPeriph_Driver/src/stm32f4xx_dbgmcu.c ****     DBGMCU->APB2FZ |= DBGMCU_Periph;
 162              		.loc 1 160 0
 163 0000 044A     		ldr	r2, .L24
 164 0002 D368     		ldr	r3, [r2, #12]
 158:libs/STM32F4xx_StdPeriph_Driver/src/stm32f4xx_dbgmcu.c ****   {
 165              		.loc 1 158 0
 166 0004 19B9     		cbnz	r1, .L23
 161:libs/STM32F4xx_StdPeriph_Driver/src/stm32f4xx_dbgmcu.c ****   }
 162:libs/STM32F4xx_StdPeriph_Driver/src/stm32f4xx_dbgmcu.c ****   else
 163:libs/STM32F4xx_StdPeriph_Driver/src/stm32f4xx_dbgmcu.c ****   {
 164:libs/STM32F4xx_StdPeriph_Driver/src/stm32f4xx_dbgmcu.c ****     DBGMCU->APB2FZ &= ~DBGMCU_Periph;
 167              		.loc 1 164 0
 168 0006 23EA0000 		bic	r0, r3, r0
 169              	.LVL9:
 170 000a D060     		str	r0, [r2, #12]
 171 000c 7047     		bx	lr
 172              	.LVL10:
 173              	.L23:
 160:libs/STM32F4xx_StdPeriph_Driver/src/stm32f4xx_dbgmcu.c ****   }
 174              		.loc 1 160 0
 175 000e 1843     		orrs	r0, r0, r3
 176              	.LVL11:
 177 0010 D060     		str	r0, [r2, #12]
 178 0012 7047     		bx	lr
 179              	.L25:
 180              		.align	2
 181              	.L24:
 182 0014 002004E0 		.word	-536600576
 183              		.cfi_endproc
 184              	.LFE114:
 186              		.text
 187              	.Letext0:
 188              		.file 2 "c:\\program files (x86)\\gnu tools arm embedded\\4.9 2014q4\\arm-none-eabi\\include\\mach
 189              		.file 3 "c:\\program files (x86)\\gnu tools arm embedded\\4.9 2014q4\\arm-none-eabi\\include\\stdi
 190              		.file 4 "libs/Device/STM32F4xx/Include/stm32f4xx.h"
 191              		.file 5 "libs/CMSIS/Include/core_cm4.h"
DEFINED SYMBOLS
                            *ABS*:00000000 stm32f4xx_dbgmcu.c
C:\Users\Student\AppData\Local\Temp\ccJt6evL.s:20     .text.DBGMCU_GetREVID:00000000 $t
C:\Users\Student\AppData\Local\Temp\ccJt6evL.s:25     .text.DBGMCU_GetREVID:00000000 DBGMCU_GetREVID
C:\Users\Student\AppData\Local\Temp\ccJt6evL.s:42     .text.DBGMCU_GetREVID:00000008 $d
C:\Users\Student\AppData\Local\Temp\ccJt6evL.s:47     .text.DBGMCU_GetDEVID:00000000 $t
C:\Users\Student\AppData\Local\Temp\ccJt6evL.s:52     .text.DBGMCU_GetDEVID:00000000 DBGMCU_GetDEVID
C:\Users\Student\AppData\Local\Temp\ccJt6evL.s:68     .text.DBGMCU_GetDEVID:0000000c $d
C:\Users\Student\AppData\Local\Temp\ccJt6evL.s:73     .text.DBGMCU_Config:00000000 $t
C:\Users\Student\AppData\Local\Temp\ccJt6evL.s:78     .text.DBGMCU_Config:00000000 DBGMCU_Config
C:\Users\Student\AppData\Local\Temp\ccJt6evL.s:106    .text.DBGMCU_Config:00000014 $d
C:\Users\Student\AppData\Local\Temp\ccJt6evL.s:111    .text.DBGMCU_APB1PeriphConfig:00000000 $t
C:\Users\Student\AppData\Local\Temp\ccJt6evL.s:116    .text.DBGMCU_APB1PeriphConfig:00000000 DBGMCU_APB1PeriphConfig
C:\Users\Student\AppData\Local\Temp\ccJt6evL.s:144    .text.DBGMCU_APB1PeriphConfig:00000014 $d
C:\Users\Student\AppData\Local\Temp\ccJt6evL.s:149    .text.DBGMCU_APB2PeriphConfig:00000000 $t
C:\Users\Student\AppData\Local\Temp\ccJt6evL.s:154    .text.DBGMCU_APB2PeriphConfig:00000000 DBGMCU_APB2PeriphConfig
C:\Users\Student\AppData\Local\Temp\ccJt6evL.s:182    .text.DBGMCU_APB2PeriphConfig:00000014 $d
                     .debug_frame:00000010 $d

NO UNDEFINED SYMBOLS
